Performing C SOURCE FILE Test CMAKE_HAVE_LIBC_PTHREAD failed with the following output:
Change Dir: /home/sdat789/HONG/torchscript/torchscript_tuto/app/CMakeFiles/CMakeTmp

Run Build Command(s):/usr/bin/make cmTC_edf61/fast && /usr/bin/make  -f CMakeFiles/cmTC_edf61.dir/build.make CMakeFiles/cmTC_edf61.dir/build
make[1]: Entering directory '/home/sdat789/HONG/torchscript/torchscript_tuto/app/CMakeFiles/CMakeTmp'
Building C object CMakeFiles/cmTC_edf61.dir/src.c.o
/usr/bin/cc -DCMAKE_HAVE_LIBC_PTHREAD   -o CMakeFiles/cmTC_edf61.dir/src.c.o -c /home/sdat789/HONG/torchscript/torchscript_tuto/app/CMakeFiles/CMakeTmp/src.c
Linking C executable cmTC_edf61
/home/sdat789/anaconda3/bin/cmake -E cmake_link_script CMakeFiles/cmTC_edf61.dir/link.txt --verbose=1
/usr/bin/cc -rdynamic CMakeFiles/cmTC_edf61.dir/src.c.o -o cmTC_edf61 
CMakeFiles/cmTC_edf61.dir/src.c.o: In function `main':
src.c:(.text+0x3e): undefined reference to `pthread_create'
src.c:(.text+0x4a): undefined reference to `pthread_detach'
src.c:(.text+0x56): undefined reference to `pthread_cancel'
src.c:(.text+0x67): undefined reference to `pthread_join'
src.c:(.text+0x7b): undefined reference to `pthread_atfork'
collect2: error: ld returned 1 exit status
CMakeFiles/cmTC_edf61.dir/build.make:105: recipe for target 'cmTC_edf61' failed
make[1]: *** [cmTC_edf61] Error 1
make[1]: Leaving directory '/home/sdat789/HONG/torchscript/torchscript_tuto/app/CMakeFiles/CMakeTmp'
Makefile:140: recipe for target 'cmTC_edf61/fast' failed
make: *** [cmTC_edf61/fast] Error 2


Source file was:
#include <pthread.h>

static void* test_func(void* data)
{
  return data;
}

int main(void)
{
  pthread_t thread;
  pthread_create(&thread, NULL, test_func, NULL);
  pthread_detach(thread);
  pthread_cancel(thread);
  pthread_join(thread, NULL);
  pthread_atfork(NULL, NULL, NULL);
  pthread_exit(NULL);

  return 0;
}

Determining if the function pthread_create exists in the pthreads failed with the following output:
Change Dir: /home/sdat789/HONG/torchscript/torchscript_tuto/app/CMakeFiles/CMakeTmp

Run Build Command(s):/usr/bin/make cmTC_fbb59/fast && /usr/bin/make  -f CMakeFiles/cmTC_fbb59.dir/build.make CMakeFiles/cmTC_fbb59.dir/build
make[1]: Entering directory '/home/sdat789/HONG/torchscript/torchscript_tuto/app/CMakeFiles/CMakeTmp'
Building C object CMakeFiles/cmTC_fbb59.dir/CheckFunctionExists.c.o
/usr/bin/cc   -DCHECK_FUNCTION_EXISTS=pthread_create -o CMakeFiles/cmTC_fbb59.dir/CheckFunctionExists.c.o -c /home/sdat789/anaconda3/share/cmake-3.19/Modules/CheckFunctionExists.c
Linking C executable cmTC_fbb59
/home/sdat789/anaconda3/bin/cmake -E cmake_link_script CMakeFiles/cmTC_fbb59.dir/link.txt --verbose=1
/usr/bin/cc  -DCHECK_FUNCTION_EXISTS=pthread_create -rdynamic CMakeFiles/cmTC_fbb59.dir/CheckFunctionExists.c.o -o cmTC_fbb59  -lpthreads 
/usr/bin/x86_64-linux-gnu-ld: cannot find -lpthreads
collect2: error: ld returned 1 exit status
CMakeFiles/cmTC_fbb59.dir/build.make:105: recipe for target 'cmTC_fbb59' failed
make[1]: *** [cmTC_fbb59] Error 1
make[1]: Leaving directory '/home/sdat789/HONG/torchscript/torchscript_tuto/app/CMakeFiles/CMakeTmp'
Makefile:140: recipe for target 'cmTC_fbb59/fast' failed
make: *** [cmTC_fbb59/fast] Error 2



